[debug] [2022-09-10T12:48:13.866Z] ----------------------------------------------------------------------
[debug] [2022-09-10T12:48:13.869Z] Command:       /usr/local/bin/node /Users/anilshrestha/Desktop/ReactJs.nosync/my-portfolio/node_modules/.bin/firebase hosting:channel:delete pr10-staging
[debug] [2022-09-10T12:48:13.869Z] CLI Version:   11.8.0
[debug] [2022-09-10T12:48:13.870Z] Platform:      darwin
[debug] [2022-09-10T12:48:13.870Z] Node Version:  v16.13.0
[debug] [2022-09-10T12:48:13.871Z] Time:          Sat Sep 10 2022 22:48:13 GMT+1000 (Australian Eastern Standard Time)
[debug] [2022-09-10T12:48:13.871Z] ----------------------------------------------------------------------
[debug] 
[debug] [2022-09-10T12:48:13.985Z] > command requires scopes: ["email","openid","https://www.googleapis.com/auth/cloudplatformprojects.readonly","https://www.googleapis.com/auth/firebase","https://www.googleapis.com/auth/cloud-platform"]
[debug] [2022-09-10T12:48:13.986Z] > authorizing via signed-in user (anilmeronaam@gmail.com)
[debug] [2022-09-10T12:48:13.986Z] [iam] checking project mynoteapp-80a2f for permissions ["firebase.projects.get","firebasehosting.sites.update"]
[debug] [2022-09-10T12:48:13.989Z] >>> [apiv2][query] POST https://cloudresourcemanager.googleapis.com/v1/projects/mynoteapp-80a2f:testIamPermissions [none]
[debug] [2022-09-10T12:48:13.989Z] >>> [apiv2][(partial)header] POST https://cloudresourcemanager.googleapis.com/v1/projects/mynoteapp-80a2f:testIamPermissions x-goog-quota-user=projects/mynoteapp-80a2f
[debug] [2022-09-10T12:48:13.989Z] >>> [apiv2][body] POST https://cloudresourcemanager.googleapis.com/v1/projects/mynoteapp-80a2f:testIamPermissions {"permissions":["firebase.projects.get","firebasehosting.sites.update"]}
[debug] [2022-09-10T12:48:15.196Z] <<< [apiv2][status] POST https://cloudresourcemanager.googleapis.com/v1/projects/mynoteapp-80a2f:testIamPermissions 200
[debug] [2022-09-10T12:48:15.196Z] <<< [apiv2][body] POST https://cloudresourcemanager.googleapis.com/v1/projects/mynoteapp-80a2f:testIamPermissions {"permissions":["firebase.projects.get","firebasehosting.sites.update"]}
[debug] [2022-09-10T12:48:15.198Z] >>> [apiv2][query] GET https://firebase.googleapis.com/v1beta1/projects/mynoteapp-80a2f [none]
[debug] [2022-09-10T12:48:15.676Z] <<< [apiv2][status] GET https://firebase.googleapis.com/v1beta1/projects/mynoteapp-80a2f 200
[debug] [2022-09-10T12:48:15.676Z] <<< [apiv2][body] GET https://firebase.googleapis.com/v1beta1/projects/mynoteapp-80a2f {"projectId":"mynoteapp-80a2f","projectNumber":"617781700845","displayName":"MyNoteApp","name":"projects/mynoteapp-80a2f","resources":{"hostingSite":"mynoteapp-80a2f","realtimeDatabaseInstance":"mynoteapp-80a2f-default-rtdb"},"state":"ACTIVE","etag":"1_bc7f029c-c26a-4b85-93cd-5d7dca2428e9"}
[debug] [2022-09-10T12:48:15.677Z] >>> [apiv2][query] GET https://firebasehosting.googleapis.com/v1beta1/projects/mynoteapp-80a2f/sites/mynoteapp-80a2f/channels/pr10-staging [none]
[debug] [2022-09-10T12:48:16.230Z] <<< [apiv2][status] GET https://firebasehosting.googleapis.com/v1beta1/projects/mynoteapp-80a2f/sites/mynoteapp-80a2f/channels/pr10-staging 404
[debug] [2022-09-10T12:48:16.230Z] <<< [apiv2][body] GET https://firebasehosting.googleapis.com/v1beta1/projects/mynoteapp-80a2f/sites/mynoteapp-80a2f/channels/pr10-staging {"error":{"code":404,"message":"Requested entity was not found.","status":"NOT_FOUND"}}
